#
# A fatal error has been detected by the Java Runtime Environment:
#
#  EXCEPTION_ACCESS_VIOLATION (0xc0000005) at pc=0x57666dbd, pid=4972, tid=0x00001414
#
# JRE version: Java(TM) SE Runtime Environment (8.0_101-b13) (build 1.8.0_101-b13)
# Java VM: Java HotSpot(TM) Client VM (25.101-b13 mixed mode windows-x86 )
# Problematic frame:
# C  [jfxwebkit.dll+0xb26dbd]
#
# Failed to write core dump. Minidumps are not enabled by default on client versions of Windows
#
# If you would like to submit a bug report, please visit:
#   http://bugreport.java.com/bugreport/crash.jsp
# The crash happened outside the Java Virtual Machine in native code.
# See problematic frame for where to report the bug.
#

---------------  T H R E A D  ---------------

Current thread (0x26ad5400):  JavaThread "JavaFX Application Thread" [_thread_in_native, id=5140, stack(0x277c0000,0x27810000)]

siginfo: ExceptionCode=0xc0000005, reading address 0x0000000c

Registers:
EAX=0x00000002, EBX=0x00000000, ECX=0x00000000, EDX=0x2d41fda0
ESP=0x2780d87c, EBP=0x00000000, ESI=0x2a96ff90, EDI=0x2fb47268
EIP=0x57666dbd, EFLAGS=0x00010216

Top of Stack: (sp=0x2780d87c)
0x2780d87c:   2fb47268 2a96ff90 fffffffc 5760305a
0x2780d88c:   2a96ff90 26ad5400 5766741d 28b2e660
0x2780d89c:   2780d920 2a96ff90 2780da14 28b2e660
0x2780d8ac:   2d41fda0 2780d920 fffffffb 5766329f
0x2780d8bc:   2780d8d4 2780d958 00000000 28b2e660
0x2780d8cc:   2780d99c fffffffb 00000000 00000003
0x2780d8dc:   00000000 2742a200 2d41fda0 2fb47268
0x2780d8ec:   00000001 2a96ff90 576672ce 2a96ff90 

Instructions: (pc=0x57666dbd)
0x57666d9d:   00 00 00 00 59 5f 5e 5d 5b 83 c4 2c c2 10 00 cc
0x57666dad:   cc cc cc 83 ec 0c 55 8b e9 b8 02 00 00 00 56 57
0x57666dbd:   8b 55 0c 8b 4d 10 8b 72 24 2b c6 8d 3c c5 00 00
0x57666dcd:   00 00 8b 42 20 03 fd 89 7c 24 14 3b c6 0f 8e 96 


Register to memory mapping:

EAX=0x00000002 is an unknown value
EBX=0x00000000 is an unknown value
ECX=0x00000000 is an unknown value
EDX=0x2d41fda0 is an unknown value
ESP=0x2780d87c is pointing into the stack for thread: 0x26ad5400
EBP=0x00000000 is an unknown value
ESI=0x2a96ff90 is an unknown value
EDI=0x2fb47268 is an unknown value


Stack: [0x277c0000,0x27810000],  sp=0x2780d87c,  free space=310k
Native frames: (J=compiled Java code, j=interpreted, Vv=VM code, C=native code)
C  [jfxwebkit.dll+0xb26dbd]

Java frames: (J=compiled Java code, j=interpreted, Vv=VM code)
j  com.sun.webkit.ContextMenu.twkHandleItemSelected(JI)V+0
j  com.sun.webkit.ContextMenu.access$000(Lcom/sun/webkit/ContextMenu;JI)V+3
j  com.sun.webkit.ContextMenu$ShowContext.notifyItemSelected(I)V+9
j  com.sun.javafx.webkit.theme.ContextMenuImpl.lambda$show$82(Lcom/sun/webkit/ContextMenu$ShowContext;Ljavafx/event/ActionEvent;)V+33
j  com.sun.javafx.webkit.theme.ContextMenuImpl$$Lambda$296.handle(Ljavafx/event/Event;)V+8
j  com.sun.javafx.event.CompositeEventHandler.dispatchBubblingEvent(Ljavafx/event/Event;)V+51
J 1782 C1 com.sun.javafx.event.EventHandlerManager.dispatchBubblingEvent(Ljavafx/event/Event;)Ljavafx/event/Event; (23 bytes) @ 0x01f9b1f8 [0x01f9b110+0xe8]
J 1814 C1 com.sun.javafx.event.CompositeEventDispatcher.dispatchBubblingEvent(Ljavafx/event/Event;)Ljavafx/event/Event; (35 bytes) @ 0x01ea7768 [0x01ea7720+0x48]
J 2695 C1 com.sun.javafx.event.BasicEventDispatcher.dispatchEvent(Ljavafx/event/Event;Ljavafx/event/EventDispatchChain;)Ljavafx/event/Event; (44 bytes) @ 0x020c703c [0x020c6fb0+0x8c]
J 2574 C1 com.sun.javafx.event.EventDispatchChainImpl.dispatchEvent(Ljavafx/event/Event;)Ljavafx/event/Event; (101 bytes) @ 0x0208e39c [0x0208e310+0x8c]
J 2695 C1 com.sun.javafx.event.BasicEventDispatcher.dispatchEvent(Ljavafx/event/Event;Ljavafx/event/EventDispatchChain;)Ljavafx/event/Event; (44 bytes) @ 0x020c7020 [0x020c6fb0+0x70]
J 2574 C1 com.sun.javafx.event.EventDispatchChainImpl.dispatchEvent(Ljavafx/event/Event;)Ljavafx/event/Event; (101 bytes) @ 0x0208e39c [0x0208e310+0x8c]
j  com.sun.javafx.event.EventUtil.fireEventImpl(Ljavafx/event/EventDispatchChain;Ljavafx/event/EventTarget;Ljavafx/event/Event;)Ljavafx/event/Event;+10
j  com.sun.javafx.event.EventUtil.fireEvent(Ljavafx/event/EventTarget;Ljavafx/event/Event;)Ljavafx/event/Event;+37
j  javafx.event.Event.fireEvent(Ljavafx/event/EventTarget;Ljavafx/event/Event;)V+30
j  javafx.scene.control.MenuItem.fire()V+10
j  com.sun.javafx.scene.control.skin.ContextMenuContent$MenuItemContainer.doSelect()V+97
j  com.sun.javafx.scene.control.skin.ContextMenuContent$MenuItemContainer.lambda$createChildren$343(Ljavafx/scene/input/MouseEvent;)V+1
j  com.sun.javafx.scene.control.skin.ContextMenuContent$MenuItemContainer$$Lambda$309.handle(Ljavafx/event/Event;)V+8
j  com.sun.javafx.event.CompositeEventHandler$NormalEventHandlerRecord.handleBubblingEvent(Ljavafx/event/Event;)V+5
j  com.sun.javafx.event.CompositeEventHandler.dispatchBubblingEvent(Ljavafx/event/Event;)V+28
J 1782 C1 com.sun.javafx.event.EventHandlerManager.dispatchBubblingEvent(Ljavafx/event/Event;)Ljavafx/event/Event; (23 bytes) @ 0x01f9b1f8 [0x01f9b110+0xe8]
J 1814 C1 com.sun.javafx.event.CompositeEventDispatcher.dispatchBubblingEvent(Ljavafx/event/Event;)Ljavafx/event/Event; (35 bytes) @ 0x01ea7768 [0x01ea7720+0x48]
J 2695 C1 com.sun.javafx.event.BasicEventDispatcher.dispatchEvent(Ljavafx/event/Event;Ljavafx/event/EventDispatchChain;)Ljavafx/event/Event; (44 bytes) @ 0x020c703c [0x020c6fb0+0x8c]
J 2574 C1 com.sun.javafx.event.EventDispatchChainImpl.dispatchEvent(Ljavafx/event/Event;)Ljavafx/event/Event; (101 bytes) @ 0x0208e39c [0x0208e310+0x8c]
J 2695 C1 com.sun.javafx.event.BasicEventDispatcher.dispatchEvent(Ljavafx/event/Event;Ljavafx/event/EventDispatchChain;)Ljavafx/event/Event; (44 bytes) @ 0x020c7020 [0x020c6fb0+0x70]
J 2574 C1 com.sun.javafx.event.EventDispatchChainImpl.dispatchEvent(Ljavafx/event/Event;)Ljavafx/event/Event; (101 bytes) @ 0x0208e39c [0x0208e310+0x8c]
J 2695 C1 com.sun.javafx.event.BasicEventDispatcher.dispatchEvent(Ljavafx/event/Event;Ljavafx/event/EventDispatchChain;)Ljavafx/event/Event; (44 bytes) @ 0x020c7020 [0x020c6fb0+0x70]
J 2574 C1 com.sun.javafx.event.EventDispatchChainImpl.dispatchEvent(Ljavafx/event/Event;)Ljavafx/event/Event; (101 bytes) @ 0x0208e39c [0x0208e310+0x8c]
J 2695 C1 com.sun.javafx.event.BasicEventDispatcher.dispatchEvent(Ljavafx/event/Event;Ljavafx/event/EventDispatchChain;)Ljavafx/event/Event; (44 bytes) @ 0x020c7020 [0x020c6fb0+0x70]
J 2574 C1 com.sun.javafx.event.EventDispatchChainImpl.dispatchEvent(Ljavafx/event/Event;)Ljavafx/event/Event; (101 bytes) @ 0x0208e39c [0x0208e310+0x8c]
j  com.sun.javafx.event.EventUtil.fireEventImpl(Ljavafx/event/EventDispatchChain;Ljavafx/event/EventTarget;Ljavafx/event/Event;)Ljavafx/event/Event;+10
j  com.sun.javafx.event.EventUtil.fireEvent(Ljavafx/event/EventTarget;Ljavafx/event/Event;)Ljavafx/event/Event;+46
j  javafx.event.Event.fireEvent(Ljavafx/event/EventTarget;Ljavafx/event/Event;)V+30
j  javafx.scene.Scene$MouseHandler.process(Ljavafx/scene/input/MouseEvent;Z)V+491
j  javafx.scene.Scene$MouseHandler.access$1500(Ljavafx/scene/Scene$MouseHandler;Ljavafx/scene/input/MouseEvent;Z)V+3
j  javafx.scene.Scene.impl_processMouseEvent(Ljavafx/scene/input/MouseEvent;)V+6
j  javafx.scene.Scene$ScenePeerListener.mouseEvent(Ljavafx/event/EventType;DDDDLjavafx/scene/input/MouseButton;ZZZZZZZZZ)V+46
j  com.sun.javafx.tk.quantum.GlassViewEventHandler$MouseEventNotification.run()Ljava/lang/Void;+514
j  com.sun.javafx.tk.quantum.GlassViewEventHandler$MouseEventNotification.run()Ljava/lang/Object;+1
v  ~StubRoutines::call_stub
J 1909  java.security.AccessController.doPrivileged(Ljava/security/PrivilegedAction;Ljava/security/AccessControlContext;)Ljava/lang/Object; (0 bytes) @ 0x01fb7507 [0x01fb74a0+0x67]
j  com.sun.javafx.tk.quantum.GlassViewEventHandler.lambda$handleMouseEvent$354()Ljava/lang/Void;+11
j  com.sun.javafx.tk.quantum.GlassViewEventHandler$$Lambda$252.get()Ljava/lang/Object;+4
j  com.sun.javafx.tk.quantum.QuantumToolkit.runWithoutRenderLock(Ljava/util/function/Supplier;)Ljava/lang/Object;+18
j  com.sun.javafx.tk.quantum.GlassViewEventHandler.handleMouseEvent(Lcom/sun/glass/ui/View;JIIIIIIIZZ)V+103
j  com.sun.glass.ui.View.handleMouseEvent(JIIIIIIIZZ)V+30
j  com.sun.glass.ui.View.notifyMouse(IIIIIIIZZ)V+181
v  ~StubRoutines::call_stub
j  com.sun.glass.ui.win.WinApplication._runLoop(Ljava/lang/Runnable;)V+0
j  com.sun.glass.ui.win.WinApplication.lambda$null$148(ILjava/lang/Runnable;)V+8
j  com.sun.glass.ui.win.WinApplication$$Lambda$40.run()V+12
j  java.lang.Thread.run()V+11
v  ~StubRoutines::call_stub

---------------  P R O C E S S  ---------------

Java Threads: ( => current thread )
  0x26c8a000 JavaThread "URL-Loader-37" daemon [_thread_in_native, id=2480, stack(0x33810000,0x33860000)]
  0x26c8b400 JavaThread "URL-Loader-36" daemon [_thread_blocked, id=4372, stack(0x335b0000,0x33600000)]
  0x26c8c400 JavaThread "URL-Loader-35" daemon [_thread_blocked, id=5520, stack(0x33880000,0x338d0000)]
  0x26c85000 JavaThread "URL-Loader-34" daemon [_thread_blocked, id=2076, stack(0x33790000,0x337e0000)]
  0x26c86800 JavaThread "URL-Loader-33" daemon [_thread_blocked, id=5836, stack(0x33720000,0x33770000)]
  0x26c86c00 JavaThread "URL-Loader-32" daemon [_thread_blocked, id=3692, stack(0x33690000,0x336e0000)]
  0x26c89800 JavaThread "URL-Loader-31" daemon [_thread_blocked, id=2668, stack(0x2eae0000,0x2eb30000)]
  0x26c88800 JavaThread "URL-Loader-30" daemon [_thread_blocked, id=2212, stack(0x33600000,0x33650000)]
  0x26c88c00 JavaThread "Keep-Alive-SocketCleaner" daemon [_thread_blocked, id=4832, stack(0x33550000,0x335a0000)]
  0x26c87c00 JavaThread "URL-Loader-29" daemon [_thread_blocked, id=4728, stack(0x2e760000,0x2e7b0000)]
  0x26c89400 JavaThread "URL-Loader-28" daemon [_thread_blocked, id=4568, stack(0x334d0000,0x33520000)]
  0x26c8a800 JavaThread "URL-Loader-27" daemon [_thread_blocked, id=3068, stack(0x2e470000,0x2e4c0000)]
  0x26c88000 JavaThread "URL-Loader-26" daemon [_thread_blocked, id=2176, stack(0x2e400000,0x2e450000)]
  0x26c8ac00 JavaThread "URL-Loader-25" daemon [_thread_blocked, id=3104, stack(0x2e9e0000,0x2ea30000)]
  0x26c8c000 JavaThread "URL-Loader-24" daemon [_thread_blocked, id=3004, stack(0x2e610000,0x2e660000)]
  0x26c8b800 JavaThread "URL-Loader-23" daemon [_thread_blocked, id=632, stack(0x2e520000,0x2e570000)]
  0x26c87400 JavaThread "URL-Loader-22" daemon [_thread_blocked, id=5436, stack(0x316a0000,0x316f0000)]
  0x26e8f400 JavaThread "Thread-6" daemon [_thread_in_native, id=2820, stack(0x31000000,0x31050000)]
  0x26c86000 JavaThread "Watchdog-Timer-1" daemon [_thread_blocked, id=5664, stack(0x2d700000,0x2d750000)]
  0x26c85c00 JavaThread "Keep-Alive-Timer" daemon [_thread_blocked, id=2744, stack(0x2d530000,0x2d580000)]
  0x26c85400 JavaThread "php\time\Timer" [_thread_blocked, id=4960, stack(0x2d220000,0x2d270000)]
  0x26ca7000 JavaThread "Prism Font Disposer" daemon [_thread_blocked, id=5516, stack(0x2b220000,0x2b270000)]
  0x26c93400 JavaThread "Disposer" daemon [_thread_blocked, id=5480, stack(0x2a970000,0x2a9c0000)]
  0x26b02c00 JavaThread "Thread-3" daemon [_thread_in_native, id=4032, stack(0x272a0000,0x272f0000)]
=>0x26ad5400 JavaThread "JavaFX Application Thread" [_thread_in_native, id=5140, stack(0x277c0000,0x27810000)]
  0x26ad4c00 JavaThread "Thread-2" daemon [_thread_blocked, id=2808, stack(0x27990000,0x279e0000)]
  0x26ac6000 JavaThread "QuantumRenderer-0" daemon [_thread_blocked, id=3056, stack(0x275b0000,0x27600000)]
  0x26a81c00 JavaThread "JavaFX-Launcher" [_thread_blocked, id=1352, stack(0x27520000,0x27570000)]
  0x26a55000 JavaThread "pool-1-thread-1" [_thread_blocked, id=2552, stack(0x25c80000,0x25cd0000)]
  0x25579800 JavaThread "Service Thread" daemon [_thread_blocked, id=924, stack(0x25da0000,0x25df0000)]
  0x25551c00 JavaThread "C1 CompilerThread0" daemon [_thread_blocked, id=984, stack(0x25ad0000,0x25b20000)]
  0x2554f000 JavaThread "Attach Listener" daemon [_thread_blocked, id=4352, stack(0x03e20000,0x03e70000)]
  0x2554dc00 JavaThread "Signal Dispatcher" daemon [_thread_blocked, id=3856, stack(0x01850000,0x018a0000)]
  0x2554cc00 JavaThread "Surrogate Locker Thread (Concurrent GC)" daemon [_thread_blocked, id=3356, stack(0x25ce0000,0x25d30000)]
  0x2553d800 JavaThread "Finalizer" daemon [_thread_blocked, id=3364, stack(0x25a80000,0x25ad0000)]
  0x25536000 JavaThread "Reference Handler" daemon [_thread_blocked, id=3100, stack(0x25b30000,0x25b80000)]
  0x0026c000 JavaThread "main" [_thread_blocked, id=4552, stack(0x018c0000,0x01910000)]

Other Threads:
  0x25510c00 VMThread [stack: 0x03e90000,0x03ee0000] [id=5724]
  0x25580400 WatcherThread [stack: 0x25f10000,0x25f60000] [id=3904]

VM state:not at safepoint (normal execution)

VM Mutex/Monitor currently owned by a thread: None

Heap:
 garbage-first heap   total 131072K, used 95501K [0x04000000, 0x04100200, 0x24000000)
  region size 1024K, 62 young (63488K), 4 survivors (4096K)
 Metaspace       used 22212K, capacity 23111K, committed 23168K, reserved 23936K

Heap Regions: (Y=young(eden), SU=young(survivor), HS=humongous(starts), HC=humongous(continues), CS=collection set, F=free, TS=gc time stamp, PTAMS=previous top-at-mark-start, NTAMS=next top-at-mark-start)
AC   0  O    TS     0 PTAMS 0x04100000 NTAMS 0x04100000 space 1024K, 100% used [0x04000000, 0x04100000)
AC   0  O    TS     0 PTAMS 0x04200000 NTAMS 0x04200000 space 1024K, 100% used [0x04100000, 0x04200000)
AC   0  O    TS     0 PTAMS 0x04300000 NTAMS 0x04300000 space 1024K, 100% used [0x04200000, 0x04300000)
AC   0  O    TS     0 PTAMS 0x04400000 NTAMS 0x04400000 space 1024K, 100% used [0x04300000, 0x04400000)
AC   0  O    TS     0 PTAMS 0x04500000 NTAMS 0x04500000 space 1024K, 100% used [0x04400000, 0x04500000)
AC   0  O    TS     0 PTAMS 0x04600000 NTAMS 0x04600000 space 1024K, 100% used [0x04500000, 0x04600000)
AC   0 HS    TS     0 PTAMS 0x04984010 NTAMS 0x04984010 space 4096K,  87% used [0x04600000, 0x04a00000)
AC   0 HC    TS     0 PTAMS 0x04700000 NTAMS 0x04700000 space 1024K, 100% used [0x04700000, 0x04800000)
AC   0 HC    TS     0 PTAMS 0x04800000 NTAMS 0x04800000 space 1024K, 100% used [0x04800000, 0x04900000)
AC   0 HC    TS     0 PTAMS 0x04900000 NTAMS 0x04900000 space 1024K,  51% used [0x04900000, 0x04a00000)
AC   0 HS    TS     0 PTAMS 0x04f38e10 NTAMS 0x04f38e10 space 6144K,  87% used [0x04a00000, 0x05000000)
AC   0 HC    TS     0 PTAMS 0x04b00000 NTAMS 0x04b00000 space 1024K, 100% used [0x04b00000, 0x04c00000)
AC   0 HC    TS     0 PTAMS 0x04c00000 NTAMS 0x04c00000 space 1024K, 100% used [0x04c00000, 0x04d00000)
AC   0 HC    TS     0 PTAMS 0x04d00000 NTAMS 0x04d00000 space 1024K, 100% used [0x04d00000, 0x04e00000)
AC   0 HC    TS     0 PTAMS 0x04e00000 NTAMS 0x04e00000 space 1024K, 100% used [0x04e00000, 0x04f00000)
AC   0 HC    TS     0 PTAMS 0x04f00000 NTAMS 0x04f00000 space 1024K,  22% used [0x04f00000, 0x05000000)
AC   0 HS    TS     0 PTAMS 0x0509ab10 NTAMS 0x0509ab10 space 1024K,  60% used [0x05000000, 0x05100000)
AC   0 HS    TS     0 PTAMS 0x0520b340 NTAMS 0x0520b340 space 2048K,  52% used [0x05100000, 0x05300000)
AC   0 HC    TS     0 PTAMS 0x05200000 NTAMS 0x05200000 space 1024K,   4% used [0x05200000, 0x05300000)
AC   0 HS    TS     0 PTAMS 0x05500010 NTAMS 0x05500010 space 3072K,  66% used [0x05300000, 0x05600000)
AC   0 HC    TS     0 PTAMS 0x05400000 NTAMS 0x05400000 space 1024K, 100% used [0x05400000, 0x05500000)
AC   0 HC    TS     0 PTAMS 0x05500000 NTAMS 0x05500000 space 1024K,   0% used [0x05500000, 0x05600000)
AC   0 HS    TS     0 PTAMS 0x05700010 NTAMS 0x05700010 space 2048K,  50% used [0x05600000, 0x05800000)
AC   0 HC    TS     0 PTAMS 0x05700000 NTAMS 0x05700000 space 1024K,   0% used [0x05700000, 0x05800000)
AC   0  O    TS     0 PTAMS 0x05900000 NTAMS 0x05900000 space 1024K, 100% used [0x05800000, 0x05900000)
AC   0  O    TS     0 PTAMS 0x05a00000 NTAMS 0x05a00000 space 1024K, 100% used [0x05900000, 0x05a00000)
AC   0  O    TS     0 PTAMS 0x05b00000 NTAMS 0x05b00000 space 1024K, 100% used [0x05a00000, 0x05b00000)
AC   0  O    TS     0 PTAMS 0x05c00000 NTAMS 0x05c00000 space 1024K, 100% used [0x05b00000, 0x05c00000)
AC   0  O    TS     0 PTAMS 0x05d00000 NTAMS 0x05d00000 space 1024K, 100% used [0x05c00000, 0x05d00000)
AC   0  O    TS     0 PTAMS 0x05e00000 NTAMS 0x05e00000 space 1024K, 100% used [0x05d00000, 0x05e00000)
AC   0  O    TS     0 PTAMS 0x05f00000 NTAMS 0x05f00000 space 1024K, 100% used [0x05e00000, 0x05f00000)
AC   0  O    TS     0 PTAMS 0x06000000 NTAMS 0x06000000 space 1024K, 100% used [0x05f00000, 0x06000000)
AC   0  O    TS     0 PTAMS 0x06100000 NTAMS 0x06100000 space 1024K, 100% used [0x06000000, 0x06100000)
AC   0  O    TS     7 PTAMS 0x061d3600 NTAMS 0x061d3600 space 1024K,  82% used [0x06100000, 0x06200000)
AC   0 HS    TS     0 PTAMS 0x06200000 NTAMS 0x06200000 space 2048K,  76% used [0x06200000, 0x06400000)
AC   0 HC    TS     0 PTAMS 0x06300000 NTAMS 0x06300000 space 1024K,  52% used [0x06300000, 0x06400000)
AC   0 HS    TS     0 PTAMS 0x06400000 NTAMS 0x06400000 space 2048K,  76% used [0x06400000, 0x06600000)
AC   0 HC    TS     0 PTAMS 0x06500000 NTAMS 0x06500000 space 1024K,  52% used [0x06500000, 0x06600000)
AC   0  F    TS     0 PTAMS 0x06600000 NTAMS 0x06600000 space 1024K,   0% used [0x06600000, 0x06700000)
AC   0  F    TS     0 PTAMS 0x06700000 NTAMS 0x06700000 space 1024K,   0% used [0x06700000, 0x06800000)
AC   0  F    TS     0 PTAMS 0x06800000 NTAMS 0x06800000 space 1024K,   0% used [0x06800000, 0x06900000)
AC   0  F    TS     0 PTAMS 0x06900000 NTAMS 0x06900000 space 1024K,   0% used [0x06900000, 0x06a00000)
AC   0  F    TS     0 PTAMS 0x06a00000 NTAMS 0x06a00000 space 1024K,   0% used [0x06a00000, 0x06b00000)
AC   0  F    TS     0 PTAMS 0x06b00000 NTAMS 0x06b00000 space 1024K,   0% used [0x06b00000, 0x06c00000)
AC   0  F    TS     0 PTAMS 0x06c00000 NTAMS 0x06c00000 space 1024K,   0% used [0x06c00000, 0x06d00000)
AC   0  F    TS     0 PTAMS 0x06d00000 NTAMS 0x06d00000 space 1024K,   0% used [0x06d00000, 0x06e00000)
AC   0  F    TS     0 PTAMS 0x06e00000 NTAMS 0x06e00000 space 1024K,   0% used [0x06e00000, 0x06f00000)
AC   0  F    TS     0 PTAMS 0x06f00000 NTAMS 0x06f00000 space 1024K,   0% used [0x06f00000, 0x07000000)
AC   0  S CS TS     7 PTAMS 0x07000000 NTAMS 0x07000000 space 1024K,  99% used [0x07000000, 0x07100000)
AC   0  S CS TS     7 PTAMS 0x07100000 NTAMS 0x07100000 space 1024K, 100% used [0x07100000, 0x07200000)
AC   0  S CS TS     7 PTAMS 0x07200000 NTAMS 0x07200000 space 1024K, 100% used [0x07200000, 0x07300000)
AC   0  F    TS     5 PTAMS 0x07300000 NTAMS 0x07300000 space 1024K,   0% used [0x07300000, 0x07400000)
AC   0  F    TS     5 PTAMS 0x07400000 NTAMS 0x07400000 space 1024K,   0% used [0x07400000, 0x07500000)
AC   0  S CS TS     7 PTAMS 0x07500000 NTAMS 0x07500000 space 1024K, 100% used [0x07500000, 0x07600000)
AC   0  F    TS     1 PTAMS 0x07600000 NTAMS 0x07600000 space 1024K,   0% used [0x07600000, 0x07700000)
AC   0  F    TS     1 PTAMS 0x07700000 NTAMS 0x07700000 space 1024K,   0% used [0x07700000, 0x07800000)
AC   0  F    TS     3 PTAMS 0x07800000 NTAMS 0x07800000 space 1024K,   0% used [0x07800000, 0x07900000)
AC   0  F    TS     3 PTAMS 0x07900000 NTAMS 0x07900000 space 1024K,   0% used [0x07900000, 0x07a00000)
AC   0  F    TS     0 PTAMS 0x07a00000 NTAMS 0x07a00000 space 1024K,   0% used [0x07a00000, 0x07b00000)
AC   0  F    TS     0 PTAMS 0x07b00000 NTAMS 0x07b00000 space 1024K,   0% used [0x07b00000, 0x07c00000)
AC   0  F    TS     0 PTAMS 0x07c00000 NTAMS 0x07c00000 space 1024K,   0% used [0x07c00000, 0x07d00000)
AC   0  F    TS     0 PTAMS 0x07d00000 NTAMS 0x07d00000 space 1024K,   0% used [0x07d00000, 0x07e00000)
AC   0  F    TS     0 PTAMS 0x07e00000 NTAMS 0x07e00000 space 1024K,   0% used [0x07e00000, 0x07f00000)
AC   0  F    TS     0 PTAMS 0x07f00000 NTAMS 0x07f00000 space 1024K,   0% used [0x07f00000, 0x08000000)
AC   0  F    TS     0 PTAMS 0x08000000 NTAMS 0x08000000 space 1024K,   0% used [0x08000000, 0x08100000)
AC   0  F    TS     0 PTAMS 0x08100000 NTAMS 0x08100000 space 1024K,   0% used [0x08100000, 0x08200000)
AC   0  F    TS     0 PTAMS 0x08200000 NTAMS 0x08200000 space 1024K,   0% used [0x08200000, 0x08300000)
AC   0  F    TS     0 PTAMS 0x08300000 NTAMS 0x08300000 space 1024K,   0% used [0x08300000, 0x08400000)
AC   0  F    TS     0 PTAMS 0x08400000 NTAMS 0x08400000 space 1024K,   0% used [0x08400000, 0x08500000)
AC   0  F    TS     0 PTAMS 0x08500000 NTAMS 0x08500000 space 1024K,   0% used [0x08500000, 0x08600000)
AC   0  E    TS     0 PTAMS 0x08600000 NTAMS 0x08600000 space 1024K,  28% used [0x08600000, 0x08700000)
AC   0  E CS TS     0 PTAMS 0x08700000 NTAMS 0x08700000 space 1024K, 100% used [0x08700000, 0x08800000)
AC   0  E CS TS     0 PTAMS 0x08800000 NTAMS 0x08800000 space 1024K, 100% used [0x08800000, 0x08900000)
AC   0  E CS TS     0 PTAMS 0x08900000 NTAMS 0x08900000 space 1024K, 100% used [0x08900000, 0x08a00000)
AC   0  E CS TS     0 PTAMS 0x08a00000 NTAMS 0x08a00000 space 1024K, 100% used [0x08a00000, 0x08b00000)
AC   0  E CS TS     0 PTAMS 0x08b00000 NTAMS 0x08b00000 space 1024K, 100% used [0x08b00000, 0x08c00000)
AC   0  E CS TS     0 PTAMS 0x08c00000 NTAMS 0x08c00000 space 1024K, 100% used [0x08c00000, 0x08d00000)
AC   0  E CS TS     0 PTAMS 0x08d00000 NTAMS 0x08d00000 space 1024K, 100% used [0x08d00000, 0x08e00000)
AC   0  E CS TS     0 PTAMS 0x08e00000 NTAMS 0x08e00000 space 1024K, 100% used [0x08e00000, 0x08f00000)
AC   0  E CS TS     0 PTAMS 0x08f00000 NTAMS 0x08f00000 space 1024K, 100% used [0x08f00000, 0x09000000)
AC   0  E CS TS     0 PTAMS 0x09000000 NTAMS 0x09000000 space 1024K, 100% used [0x09000000, 0x09100000)
AC   0  E CS TS     0 PTAMS 0x09100000 NTAMS 0x09100000 space 1024K, 100% used [0x09100000, 0x09200000)
AC   0  E CS TS     0 PTAMS 0x09200000 NTAMS 0x09200000 space 1024K, 100% used [0x09200000, 0x09300000)
AC   0  E CS TS     0 PTAMS 0x09300000 NTAMS 0x09300000 space 1024K, 100% used [0x09300000, 0x09400000)
AC   0  E CS TS     0 PTAMS 0x09400000 NTAMS 0x09400000 space 1024K, 100% used [0x09400000, 0x09500000)
AC   0  E CS TS     0 PTAMS 0x09500000 NTAMS 0x09500000 space 1024K, 100% used [0x09500000, 0x09600000)
AC   0  E CS TS     0 PTAMS 0x09600000 NTAMS 0x09600000 space 1024K, 100% used [0x09600000, 0x09700000)
AC   0  E CS TS     0 PTAMS 0x09700000 NTAMS 0x09700000 space 1024K, 100% used [0x09700000, 0x09800000)
AC   0  E CS TS     0 PTAMS 0x09800000 NTAMS 0x09800000 space 1024K, 100% used [0x09800000, 0x09900000)
AC   0  E CS TS     0 PTAMS 0x09900000 NTAMS 0x09900000 space 1024K, 100% used [0x09900000, 0x09a00000)
AC   0  E CS TS     0 PTAMS 0x09a00000 NTAMS 0x09a00000 space 1024K, 100% used [0x09a00000, 0x09b00000)
AC   0  E CS TS     0 PTAMS 0x09b00000 NTAMS 0x09b00000 space 1024K, 100% used [0x09b00000, 0x09c00000)
AC   0  E CS TS     0 PTAMS 0x09c00000 NTAMS 0x09c00000 space 1024K, 100% used [0x09c00000, 0x09d00000)
AC   0  E CS TS     0 PTAMS 0x09d00000 NTAMS 0x09d00000 space 1024K, 100% used [0x09d00000, 0x09e00000)
AC   0  E CS TS     0 PTAMS 0x09e00000 NTAMS 0x09e00000 space 1024K, 100% used [0x09e00000, 0x09f00000)
AC   0  E CS TS     0 PTAMS 0x09f00000 NTAMS 0x09f00000 space 1024K, 100% used [0x09f00000, 0x0a000000)
AC   0  E CS TS     0 PTAMS 0x0a000000 NTAMS 0x0a000000 space 1024K, 100% used [0x0a000000, 0x0a100000)
AC   0  E CS TS     0 PTAMS 0x0a100000 NTAMS 0x0a100000 space 1024K, 100% used [0x0a100000, 0x0a200000)
AC   0  E CS TS     0 PTAMS 0x0a200000 NTAMS 0x0a200000 space 1024K, 100% used [0x0a200000, 0x0a300000)
AC   0  E CS TS     0 PTAMS 0x0a300000 NTAMS 0x0a300000 space 1024K, 100% used [0x0a300000, 0x0a400000)
AC   0  E CS TS     0 PTAMS 0x0a400000 NTAMS 0x0a400000 space 1024K, 100% used [0x0a400000, 0x0a500000)
AC   0  E CS TS     0 PTAMS 0x0a500000 NTAMS 0x0a500000 space 1024K, 100% used [0x0a500000, 0x0a600000)
AC   0  E CS TS     0 PTAMS 0x0a600000 NTAMS 0x0a600000 space 1024K, 100% used [0x0a600000, 0x0a700000)
AC   0  E CS TS     0 PTAMS 0x0a700000 NTAMS 0x0a700000 space 1024K, 100% used [0x0a700000, 0x0a800000)
AC   0  E CS TS     0 PTAMS 0x0a800000 NTAMS 0x0a800000 space 1024K, 100% used [0x0a800000, 0x0a900000)
AC   0  E CS TS     0 PTAMS 0x0a900000 NTAMS 0x0a900000 space 1024K, 100% used [0x0a900000, 0x0aa00000)
AC   0  E CS TS     0 PTAMS 0x0aa00000 NTAMS 0x0aa00000 space 1024K, 100% used [0x0aa00000, 0x0ab00000)
AC   0  E CS TS     0 PTAMS 0x0ab00000 NTAMS 0x0ab00000 space 1024K, 100% used [0x0ab00000, 0x0ac00000)
AC   0  E CS TS     0 PTAMS 0x0ac00000 NTAMS 0x0ac00000 space 1024K, 100% used [0x0ac00000, 0x0ad00000)
AC   0  E CS TS     0 PTAMS 0x0ad00000 NTAMS 0x0ad00000 space 1024K, 100% used [0x0ad00000, 0x0ae00000)
AC   0  E CS TS     0 PTAMS 0x0ae00000 NTAMS 0x0ae00000 space 1024K, 100% used [0x0ae00000, 0x0af00000)
AC   0  E CS TS     0 PTAMS 0x0af00000 NTAMS 0x0af00000 space 1024K, 100% used [0x0af00000, 0x0b000000)
AC   0  E CS TS     0 PTAMS 0x0b000000 NTAMS 0x0b000000 space 1024K, 100% used [0x0b000000, 0x0b100000)
AC   0  E CS TS     0 PTAMS 0x0b100000 NTAMS 0x0b100000 space 1024K, 100% used [0x0b100000, 0x0b200000)
AC   0  E CS TS     0 PTAMS 0x0b200000 NTAMS 0x0b200000 space 1024K, 100% used [0x0b200000, 0x0b300000)
AC   0  E CS TS     0 PTAMS 0x0b300000 NTAMS 0x0b300000 space 1024K, 100% used [0x0b300000, 0x0b400000)
AC   0  E CS TS     0 PTAMS 0x0b400000 NTAMS 0x0b400000 space 1024K, 100% used [0x0b400000, 0x0b500000)
AC   0  E CS TS     0 PTAMS 0x0b500000 NTAMS 0x0b500000 space 1024K, 100% used [0x0b500000, 0x0b600000)
AC   0  E CS TS     0 PTAMS 0x0b600000 NTAMS 0x0b600000 space 1024K, 100% used [0x0b600000, 0x0b700000)
AC   0  E CS TS     0 PTAMS 0x0b700000 NTAMS 0x0b700000 space 1024K, 100% used [0x0b700000, 0x0b800000)
AC   0  E CS TS     0 PTAMS 0x0b800000 NTAMS 0x0b800000 space 1024K, 100% used [0x0b800000, 0x0b900000)
AC   0  E CS TS     0 PTAMS 0x0b900000 NTAMS 0x0b900000 space 1024K, 100% used [0x0b900000, 0x0ba00000)
AC   0  E CS TS     0 PTAMS 0x0ba00000 NTAMS 0x0ba00000 space 1024K, 100% used [0x0ba00000, 0x0bb00000)
AC   0  E CS TS     0 PTAMS 0x0bb00000 NTAMS 0x0bb00000 space 1024K, 100% used [0x0bb00000, 0x0bc00000)
AC   0  E CS TS     0 PTAMS 0x0bc00000 NTAMS 0x0bc00000 space 1024K, 100% used [0x0bc00000, 0x0bd00000)
AC   0  E CS TS     0 PTAMS 0x0bd00000 NTAMS 0x0bd00000 space 1024K, 100% used [0x0bd00000, 0x0be00000)
AC   0  E CS TS     0 PTAMS 0x0be00000 NTAMS 0x0be00000 space 1024K, 100% used [0x0be00000, 0x0bf00000)
AC   0  E CS TS     0 PTAMS 0x0bf00000 NTAMS 0x0bf00000 space 1024K, 100% used [0x0bf00000, 0x0c000000)

Card table byte_map: [0x24200000,0x24300000] byte_map_base: 0x241e0000

Marking Bits (Prev, Next): (CMBitMap*) 0x012b9110, (CMBitMap*) 0x012b913c
 Prev Bits: [0x24400000, 0x24c00000)
 Next Bits: [0x24c00000, 0x25400000)

Polling page: 0x00180000

CodeCache: size=32768Kb used=5038Kb max_used=5038Kb free=27729Kb
 bounds [0x01be0000, 0x020d0000, 0x03be0000]
 total_blobs=3140 nmethods=2659 adapters=410
 compilation: enabled

Compilation events (10 events):
Event: 44.267 Thread 0x25551c00 2710             com.sun.javafx.event.EventDispatchChainImpl::reset (44 bytes)
Event: 44.268 Thread 0x25551c00 nmethod 2710 0x020ca808 code [0x020ca900, 0x020caa10]
Event: 44.612 Thread 0x25551c00 2711             javafx.scene.ParallelCamera::computePickRay (24 bytes)
Event: 44.613 Thread 0x25551c00 nmethod 2711 0x020caac8 code [0x020cac50, 0x020cb024]
Event: 44.614 Thread 0x25551c00 2712             com.sun.javafx.geom.transform.Affine3D::deltaTransform (126 bytes)
Event: 44.615 Thread 0x25551c00 nmethod 2712 0x020cb508 code [0x020cb610, 0x020cb7cc]
Event: 44.616 Thread 0x25551c00 2713             com.sun.javafx.geom.transform.AffineBase::deltaTransform (204 bytes)
Event: 44.617 Thread 0x25551c00 nmethod 2713 0x020cb8c8 code [0x020cb9e0, 0x020cbc7c]
Event: 44.647 Thread 0x25551c00 2714             com.sun.webkit.network.ExtendedTime::compareTo (27 bytes)
Event: 44.648 Thread 0x25551c00 nmethod 2714 0x020cbec8 code [0x020cbfc0, 0x020cc070]

GC Heap History (10 events):
Event: 3.650 GC heap before
{Heap before GC invocations=6 (full 0):
 garbage-first heap   total 131072K, used 33003K [0x04000000, 0x04100200, 0x24000000)
  region size 1024K, 14 young (14336K), 9 survivors (9216K)
 Metaspace       used 20150K, capacity 20874K, committed 20908K, reserved 21888K
Event: 3.678 GC heap after
Heap after GC invocations=7 (full 0):
 garbage-first heap   total 131072K, used 31960K [0x04000000, 0x04100200, 0x24000000)
  region size 1024K, 2 young (2048K), 2 survivors (2048K)
 Metaspace       used 20150K, capacity 20874K, committed 20908K, reserved 21888K
}
Event: 4.237 GC heap before
{Heap before GC invocations=8 (full 0):
 garbage-first heap   total 131072K, used 103640K [0x04000000, 0x04100200, 0x24000000)
  region size 1024K, 72 young (73728K), 2 survivors (2048K)
 Metaspace       used 21023K, capacity 21780K, committed 21804K, reserved 21888K
Event: 4.245 GC heap after
Heap after GC invocations=9 (full 0):
 garbage-first heap   total 131072K, used 33496K [0x04000000, 0x04100200, 0x24000000)
  region size 1024K, 4 young (4096K), 4 survivors (4096K)
 Metaspace       used 21023K, capacity 21780K, committed 21804K, reserved 21888K
}
Event: 4.284 GC heap before
{Heap before GC invocations=9 (full 0):
 garbage-first heap   total 131072K, used 105176K [0x04000000, 0x04100200, 0x24000000)
  region size 1024K, 74 young (75776K), 4 survivors (4096K)
 Metaspace       used 21023K, capacity 21780K, committed 21804K, reserved 21888K
Event: 4.288 GC heap after
Heap after GC invocations=10 (full 0):
 garbage-first heap   total 131072K, used 31960K [0x04000000, 0x04100200, 0x24000000)
  region size 1024K, 2 young (2048K), 2 survivors (2048K)
 Metaspace       used 21023K, capacity 21780K, committed 21804K, reserved 21888K
}
Event: 4.327 GC heap before
{Heap before GC invocations=10 (full 0):
 garbage-first heap   total 131072K, used 106712K [0x04000000, 0x04100200, 0x24000000)
  region size 1024K, 75 young (76800K), 2 survivors (2048K)
 Metaspace       used 21023K, capacity 21780K, committed 21804K, reserved 21888K
Event: 4.332 GC heap after
Heap after GC invocations=11 (full 0):
 garbage-first heap   total 131072K, used 31960K [0x04000000, 0x04100200, 0x24000000)
  region size 1024K, 2 young (2048K), 2 survivors (2048K)
 Metaspace       used 21023K, capacity 21780K, committed 21804K, reserved 21888K
}
Event: 4.433 GC heap before
{Heap before GC invocations=11 (full 0):
 garbage-first heap   total 131072K, used 107736K [0x04000000, 0x04100200, 0x24000000)
  region size 1024K, 76 young (77824K), 2 survivors (2048K)
 Metaspace       used 21172K, capacity 21928K, committed 22016K, reserved 22912K
Event: 4.439 GC heap after
Heap after GC invocations=12 (full 0):
 garbage-first heap   total 131072K, used 34008K [0x04000000, 0x04100200, 0x24000000)
  region size 1024K, 4 young (4096K), 4 survivors (4096K)
 Metaspace       used 21172K, capacity 21928K, committed 22016K, reserved 22912K
}

Deoptimization events (0 events):
No events

Internal exceptions (10 events):
Event: 3.456 Thread 0x26ad5400 Exception <a 'sun/nio/fs/WindowsException'> (0x0767ef98) thrown at [C:\re\workspace\8-2-build-windows-i586-cygwin\jdk8u101\7261\hotspot\src\share\vm\prims\jni.cpp, line 709]
Event: 3.458 Thread 0x26ad5400 Exception <a 'sun/nio/fs/WindowsException'> (0x075007c0) thrown at [C:\re\workspace\8-2-build-windows-i586-cygwin\jdk8u101\7261\hotspot\src\share\vm\prims\jni.cpp, line 709]
Event: 3.464 Thread 0x26ad5400 Implicit null exception at 0x01e9c2b2 to 0x01e9c561
Event: 3.538 Thread 0x26ad5400 Exception <a 'java/lang/ArrayIndexOutOfBoundsException'> (0x074b7088) thrown at [C:\re\workspace\8-2-build-windows-i586-cygwin\jdk8u101\7261\hotspot\src\share\vm\runtime\sharedRuntime.cpp, line 605]
Event: 4.410 Thread 0x26c85000 Implicit null exception at 0x01f6492b to 0x01f6580b
Event: 4.427 Thread 0x26ad5400 Exception <a 'java/lang/ArrayIndexOutOfBoundsException'> (0x076af020) thrown at [C:\re\workspace\8-2-build-windows-i586-cygwin\jdk8u101\7261\hotspot\src\share\vm\runtime\sharedRuntime.cpp, line 605]
Event: 5.728 Thread 0x26ad5400 Exception <a 'java/lang/ClassNotFoundException': sun/net/www/protocol/about/Handler> (0x0b2bbe50) thrown at [C:\re\workspace\8-2-build-windows-i586-cygwin\jdk8u101\7261\hotspot\src\share\vm\classfile\systemDictionary.cpp, line 210]
Event: 5.736 Thread 0x26ad5400 Exception <a 'java/lang/ClassNotFoundException': sun/net/www/protocol/about/Handler> (0x0b2c6e40) thrown at [C:\re\workspace\8-2-build-windows-i586-cygwin\jdk8u101\7261\hotspot\src\share\vm\classfile\systemDictionary.cpp, line 210]
Event: 5.778 Thread 0x26e8f400 Exception <a 'sun/nio/fs/WindowsException'> (0x0af2f750) thrown at [C:\re\workspace\8-2-build-windows-i586-cygwin\jdk8u101\7261\hotspot\src\share\vm\prims\jni.cpp, line 709]
Event: 42.462 Thread 0x26ad5400 Implicit null exception at 0x01fecb61 to 0x01fecbd7

Events (10 events):
Event: 42.462 loading class com/sun/javafx/tk/quantum/GlassViewEventHandler done
Event: 42.463 loading class com/sun/scenario/effect/InvertMask
Event: 42.463 loading class com/sun/scenario/effect/InvertMask done
Event: 42.467 loading class com/sun/scenario/effect/impl/state/LinearConvolveRenderState$PassType
Event: 42.467 loading class com/sun/scenario/effect/impl/state/LinearConvolveRenderState$PassType done
Event: 42.473 Executing VM operation: RevokeBias
Event: 42.473 Executing VM operation: RevokeBias done
Event: 42.473 Executing VM operation: RevokeBias
Event: 42.473 Executing VM operation: RevokeBias done
Event: 44.630 Thread 0x26c8a000 Thread added: 0x26c8a000


Dynamic libraries:
0x00070000 - 0x000a3000 	C:\PROGRA~1\DEVELN~1\tools\jre\bin\java.exe
0x77790000 - 0x778cc000 	C:\Windows\SYSTEM32\ntdll.dll
0x76fd0000 - 0x770a4000 	C:\Windows\system32\kernel32.dll
0x75b60000 - 0x75baa000 	C:\Windows\system32\KERNELBASE.dll
0x77590000 - 0x77630000 	C:\Windows\system32\ADVAPI32.dll
0x774e0000 - 0x7758c000 	C:\Windows\system32\msvcrt.dll
0x778d0000 - 0x778e9000 	C:\Windows\SYSTEM32\sechost.dll
0x77900000 - 0x779a1000 	C:\Windows\system32\RPCRT4.dll
0x76d60000 - 0x76e29000 	C:\Windows\system32\USER32.dll
0x772c0000 - 0x7730e000 	C:\Windows\system32\GDI32.dll
0x779b0000 - 0x779ba000 	C:\Windows\system32\LPK.dll
0x76cc0000 - 0x76d5d000 	C:\Windows\system32\USP10.dll
0x74830000 - 0x749ce000 	C:\Windows\WinSxS\x86_microsoft.windows.common-controls_6595b64144ccf1df_6.0.7601.17514_none_41e6975e2bd6f2b2\COMCTL32.dll
0x75be0000 - 0x75c37000 	C:\Windows\system32\SHLWAPI.dll
0x77310000 - 0x7732f000 	C:\Windows\system32\IMM32.DLL
0x77410000 - 0x774dc000 	C:\Windows\system32\MSCTF.dll
0x71ce0000 - 0x71d9f000 	C:\PROGRA~1\DEVELN~1\tools\jre\bin\msvcr100.dll
0x59980000 - 0x59d4c000 	C:\PROGRA~1\DEVELN~1\tools\jre\bin\client\jvm.dll
0x72b90000 - 0x72b97000 	C:\Windows\system32\WSOCK32.dll
0x76960000 - 0x76995000 	C:\Windows\system32\WS2_32.dll
0x778f0000 - 0x778f6000 	C:\Windows\system32\NSI.dll
0x73f20000 - 0x73f52000 	C:\Windows\system32\WINMM.dll
0x74dd0000 - 0x74dd9000 	C:\Windows\system32\VERSION.dll
0x770b0000 - 0x770b5000 	C:\Windows\system32\PSAPI.DLL
0x74790000 - 0x7479c000 	C:\PROGRA~1\DEVELN~1\tools\jre\bin\verify.dll
0x73d30000 - 0x73d51000 	C:\PROGRA~1\DEVELN~1\tools\jre\bin\java.dll
0x73d10000 - 0x73d23000 	C:\PROGRA~1\DEVELN~1\tools\jre\bin\zip.dll
0x75c80000 - 0x768ca000 	C:\Windows\system32\SHELL32.dll
0x77630000 - 0x7778c000 	C:\Windows\system32\ole32.dll
0x758e0000 - 0x758eb000 	C:\Windows\system32\profapi.dll
0x75360000 - 0x75376000 	C:\Windows\system32\CRYPTSP.dll
0x75100000 - 0x7513b000 	C:\Windows\system32\rsaenh.dll
0x74f40000 - 0x74f57000 	C:\Windows\system32\USERENV.dll
0x75830000 - 0x7583c000 	C:\Windows\system32\CRYPTBASE.dll
0x72c30000 - 0x72c46000 	C:\Program Files\DevelNext\tools\jre\bin\net.dll
0x75320000 - 0x7535c000 	C:\Windows\system32\mswsock.dll
0x75310000 - 0x75316000 	C:\Windows\System32\wship6.dll
0x73c50000 - 0x73c6c000 	C:\Windows\system32\IPHLPAPI.DLL
0x73c30000 - 0x73c37000 	C:\Windows\system32\WINNSI.DLL
0x73960000 - 0x73972000 	C:\Windows\system32\dhcpcsvc.DLL
0x738b0000 - 0x738bd000 	C:\Windows\system32\dhcpcsvc6.DLL
0x72da0000 - 0x72daf000 	C:\Program Files\DevelNext\tools\jre\bin\nio.dll
0x74660000 - 0x7466a000 	C:\Program Files\DevelNext\tools\jre\bin\management.dll
0x74430000 - 0x74440000 	C:\Windows\system32\NLAapi.dll
0x6e660000 - 0x6e670000 	C:\Windows\system32\napinsp.dll
0x6e640000 - 0x6e652000 	C:\Windows\system32\pnrpnsp.dll
0x751e0000 - 0x75224000 	C:\Windows\system32\DNSAPI.dll
0x6e630000 - 0x6e638000 	C:\Windows\System32\winrnr.dll
0x74e60000 - 0x74e65000 	C:\Windows\System32\wshtcpip.dll
0x6f6f0000 - 0x6f6f6000 	C:\Windows\system32\rasadhlp.dll
0x73b20000 - 0x73b58000 	C:\Windows\System32\fwpuclnt.dll
0x68d10000 - 0x68dfe000 	C:\Program Files\DevelNext\tools\jre\bin\msvcr120.dll
0x71050000 - 0x710c1000 	C:\Program Files\DevelNext\tools\jre\bin\msvcp120.dll
0x72c10000 - 0x72c2e000 	C:\Program Files\DevelNext\tools\jre\bin\prism_d3d.dll
0x687f0000 - 0x689b3000 	C:\Windows\system32\d3d9.dll
0x71c40000 - 0x71c46000 	C:\Windows\system32\d3d8thk.dll
0x74440000 - 0x74453000 	C:\Windows\system32\dwmapi.dll
0x743e0000 - 0x74420000 	C:\Windows\system32\uxtheme.dll
0x58bb0000 - 0x5997e000 	C:\Windows\system32\nvd3dum.dll
0x6aaf0000 - 0x6ab23000 	C:\Program Files\DevelNext\tools\jre\bin\glass.dll
0x76ae0000 - 0x76b5b000 	C:\Windows\system32\COMDLG32.dll
0x768d0000 - 0x7695f000 	C:\Windows\system32\OLEAUT32.dll
0x74670000 - 0x74695000 	C:\Windows\system32\powrprof.dll
0x76e30000 - 0x76fcd000 	C:\Windows\system32\SETUPAPI.dll
0x75b30000 - 0x75b57000 	C:\Windows\system32\CFGMGR32.dll
0x75960000 - 0x75972000 	C:\Windows\system32\DEVOBJ.dll
0x71c20000 - 0x71c31000 	C:\Program Files\DevelNext\tools\jre\bin\javafx_font.dll
0x6d200000 - 0x6d335000 	C:\Windows\system32\dwrite.dll
0x5a2e0000 - 0x5a425000 	C:\Program Files\DevelNext\tools\jre\bin\awt.dll
0x69d10000 - 0x69d31000 	C:\Program Files\DevelNext\tools\jre\bin\javafx_iio.dll
0x56b40000 - 0x58ba9000 	C:\Program Files\DevelNext\tools\jre\bin\jfxwebkit.dll
0x77380000 - 0x77403000 	C:\Windows\system32\CLBCatQ.DLL
0x724c0000 - 0x725f0000 	C:\Windows\system32\WindowsCodecs.dll
0x757e0000 - 0x7582c000 	C:\Windows\system32\apphelp.dll
0x70560000 - 0x7064f000 	C:\Users\Леша\AppData\Roaming\Yandex\YandexDisk2\3.2.18.4589\YandexDisk3ShellExt-1511.dll
0x726b0000 - 0x726b5000 	C:\Windows\system32\MSIMG32.dll
0x74250000 - 0x743e0000 	C:\Windows\WinSxS\x86_microsoft.windows.gdiplus_6595b64144ccf1df_1.1.7601.17514_none_72d18a4386696c80\gdiplus.dll
0x6f0b0000 - 0x6f0b3000 	C:\Windows\system32\api-ms-win-core-synch-l1-2-0.DLL
0x70c70000 - 0x70ca1000 	C:\Windows\system32\EhStorShell.dll
0x744d0000 - 0x745c5000 	C:\Windows\system32\PROPSYS.dll
0x661c0000 - 0x663dd000 	C:\PROGRA~1\MICROS~3\Office12\GR469A~1.DLL
0x68ef0000 - 0x68fe1000 	C:\PROGRA~1\MICROS~3\Office12\GrooveUtil.DLL
0x76b60000 - 0x76c55000 	C:\Windows\system32\WININET.dll
0x769a0000 - 0x76ad6000 	C:\Windows\system32\urlmon.dll
0x75980000 - 0x75a9d000 	C:\Windows\system32\CRYPT32.dll
0x75950000 - 0x7595c000 	C:\Windows\system32\MSASN1.dll
0x770c0000 - 0x772bb000 	C:\Windows\system32\iertutil.dll
0x6ef00000 - 0x6ef9b000 	C:\Windows\WinSxS\x86_microsoft.vc80.crt_1fc8b3b9a1e18e3b_8.0.50727.6195_none_d09154e044272b9a\MSVCR80.dll
0x68ff0000 - 0x68ff7000 	C:\PROGRA~1\MICROS~3\Office12\GrooveNew.DLL
0x72cf0000 - 0x72d0b000 	C:\Windows\WinSxS\x86_microsoft.vc80.atl_1fc8b3b9a1e18e3b_8.0.50727.6195_none_d1cb102c435421de\ATL80.DLL
0x6f560000 - 0x6f581000 	C:\Program Files\Common Files\Microsoft Shared\Ink\rtscom.dll
0x71030000 - 0x71050000 	C:\Program Files\DevelNext\tools\jre\bin\sunec.dll
0x6aeb0000 - 0x6aebf000 	C:\Program Files\DevelNext\tools\jre\bin\prism_common.dll
0x6aec0000 - 0x6aec9000 	C:\Program Files\DevelNext\tools\jre\bin\sunmscapi.dll
0x72dc0000 - 0x72e25000 	C:\Program Files\DevelNext\tools\jre\bin\glib-lite.dll
0x6d4f0000 - 0x6d571000 	C:\Program Files\DevelNext\tools\jre\bin\gstreamer-lite.dll
0x6dd40000 - 0x6ddb2000 	C:\Windows\system32\DSOUND.dll
0x72e70000 - 0x72e8e000 	C:\Program Files\DevelNext\tools\jre\bin\jfxmedia.dll
0x55f90000 - 0x562d7000 	C:\Windows\system32\d2d1.dll
0x70650000 - 0x707c5000 	C:\Windows\system32\d3d11.dll
0x70cb0000 - 0x70cfc000 	C:\Windows\system32\dxgi.dll
0x55da0000 - 0x55f89000 	C:\Windows\system32\D3D10Warp.dll
0x75bb0000 - 0x75bdd000 	C:\Windows\system32\WINTRUST.dll
0x70d30000 - 0x70e1b000 	C:\Windows\system32\dbghelp.dll

VM Arguments:
jvm_args: -XX:+UseG1GC -Xms128M -Xmx512m -Dfile.encoding=UTF-8 -Djphp.trace=true 
java_command: org.develnext.jphp.ext.javafx.FXLauncher
java_class_path (initial): src_generated;src;vendor/ide.bundle.std.JPHPDesktopDebugBundle;vendor/ide.bundle.std.JPHPCoreBundle;vendor/ide.bundle.std.JPHPRuntimeBundle;vendor/ide.bundle.std.JPHPJsonBundle;vendor/ide.bundle.std.JPHPXmlBundle;vendor/ide.bundle.std.UIDesktopBundle;vendor/develnext.bundle.mail.JPHPMailBundle;vendor/develnext.bundle.httpclient.HttpClientBundle;vendor/develnext.bundle.mail.MailBundle;C:\Program Files\DevelNext\lib\asm-all.jar;C:\Program Files\DevelNext\lib\jphp-core.jar;C:\Program Files\DevelNext\lib\jphp-runtime.jar;C:\Program Files\DevelNext\lib\dn-php-sdk.jar;C:\Program Files\DevelNext\lib\gson.jar;C:\Program Files\DevelNext\lib\jphp-json-ext.jar;C:\Program Files\DevelNext\lib\jphp-xml-ext.jar;C:\Program Files\DevelNext\lib\jphp-gui-ext.jar;C:\Program Files\DevelNext\lib\jphp-desktop-ext.jar;C:\Program Files\DevelNext\lib\jphp-zend-ext.jar;C:\Program Files\DevelNext\lib\jphp-app-framework.jar;C:\Program Files\DevelNext\library\bundles\dn-mail-bundle\activation.jar;C:\Program Files\DevelNext\library\bundles\dn-mail-bundle\commons-email.jar;C:\Program Files\DevelNext\library\bundles\dn-mail-bundle\jphp-mail-ext.jar;C:\Program Files\DevelNext\library\bundles\dn-mail-bundle\mail.jar
Launcher Type: SUN_STANDARD

Environment Variables:
JAVA_HOME=C:\Program Files\DevelNext\tools\jre
PATH=C:\Windows\system32;C:\Windows;C:\Windows\System32\Wbem;C:\Windows\System32\WindowsPowerShell\v1.0\;C:\Program Files\7-Zip;C:\PROGRA~1\DEVELN~1\tools\jre\bin
USERNAME=Леша
OS=Windows_NT
PROCESSOR_IDENTIFIER=x86 Family 6 Model 23 Stepping 10, GenuineIntel



---------------  S Y S T E M  ---------------

OS: Windows 7 Build 7601 (6.1.7601.17514)

CPU:total 2 (2 cores per cpu, 1 threads per core) family 6 model 23 stepping 10, cmov, cx8, fxsr, mmx, sse, sse2, sse3, ssse3, sse4.1, tsc

Memory: 4k page, physical 3144888k(496592k free), swap 6288020k(3361308k free)

vm_info: Java HotSpot(TM) Client VM (25.101-b13) for windows-x86 JRE (1.8.0_101-b13), built on Jun 22 2016 00:45:44 by "java_re" with MS VC++ 10.0 (VS2010)

time: Wed Sep 28 16:51:13 2022
elapsed time: 44 seconds (0d 0h 0m 44s)

